-encoding
UTF-8
-outxml
-source
6
-target
6
-classpath
/home/roman/.m2/repository/antlr/antlr/2.7.6/antlr-2.7.6.jar:/home/roman/.m2/repository/aopalliance/aopalliance/1.0/aopalliance-1.0.jar:/home/roman/.m2/repository/cglib/cglib-nodep/2.2.2/cglib-nodep-2.2.2.jar:/home/roman/.m2/repository/com/opensymphony/quartz/com.springsource.org.quartz/1.6.2/com.springsource.org.quartz-1.6.2.jar:/home/roman/.m2/repository/commons-beanutils/commons-beanutils/1.8.3/commons-beanutils-1.8.3.jar:/home/roman/.m2/repository/commons-codec/commons-codec/1.5/commons-codec-1.5.jar:/home/roman/.m2/repository/commons-collections/commons-collections/3.1/commons-collections-3.1.jar:/home/roman/.m2/repository/commons-dbcp/commons-dbcp/1.3/commons-dbcp-1.3.jar:/home/roman/.m2/repository/commons-digester/commons-digester/2.1/commons-digester-2.1.jar:/home/roman/.m2/repository/commons-fileupload/commons-fileupload/1.2.2/commons-fileupload-1.2.2.jar:/home/roman/.m2/repository/commons-io/commons-io/2.1/commons-io-2.1.jar:/home/roman/.m2/repository/commons-logging/commons-logging/1.1.1/commons-logging-1.1.1.jar:/home/roman/.m2/repository/commons-pool/commons-pool/1.5.6/commons-pool-1.5.6.jar:/home/roman/.m2/repository/dom4j/dom4j/1.6.1/dom4j-1.6.1.jar:/home/roman/.m2/repository/javassist/javassist/3.12.0.GA/javassist-3.12.0.GA.jar:/home/roman/.m2/repository/javax/el/el-api/1.0/el-api-1.0.jar:/home/roman/.m2/repository/javax/servlet/servlet-api/2.5/servlet-api-2.5.jar:/home/roman/.m2/repository/javax/servlet/jsp/jsp-api/2.1/jsp-api-2.1.jar:/home/roman/.m2/repository/javax/servlet/jsp/jstl/jstl-api/1.2/jstl-api-1.2.jar:/home/roman/.m2/repository/javax/transaction/jta/1.1/jta-1.1.jar:/home/roman/.m2/repository/javax/validation/validation-api/1.0.0.GA/validation-api-1.0.0.GA.jar:/home/roman/.m2/repository/joda-time/joda-time/1.6/joda-time-1.6.jar:/home/roman/.m2/repository/log4j/log4j/1.2.16/log4j-1.2.16.jar:/home/roman/.m2/repository/net/sf/flexjson/flexjson/2.1/flexjson-2.1.jar:/home/roman/.m2/repository/org/apache/commons/com.springsource.org.apache.commons.collections/3.2.0/com.springsource.org.apache.commons.collections-3.2.0.jar:/home/roman/.m2/repository/org/apache/commons/com.springsource.org.apache.commons.logging/1.1.1/com.springsource.org.apache.commons.logging-1.1.1.jar:/home/roman/.m2/repository/org/apache/commons/commons-lang3/3.1/commons-lang3-3.1.jar:/home/roman/.m2/repository/org/apache/tiles/tiles-api/2.2.2/tiles-api-2.2.2.jar:/home/roman/.m2/repository/org/apache/tiles/tiles-core/2.2.2/tiles-core-2.2.2.jar:/home/roman/.m2/repository/org/apache/tiles/tiles-jsp/2.2.2/tiles-jsp-2.2.2.jar:/home/roman/.m2/repository/org/apache/tiles/tiles-servlet/2.2.2/tiles-servlet-2.2.2.jar:/home/roman/.m2/repository/org/apache/tiles/tiles-template/2.2.2/tiles-template-2.2.2.jar:/home/roman/.m2/repository/org/aspectj/aspectjrt/1.6.12/aspectjrt-1.6.12.jar:/home/roman/.m2/repository/org/aspectj/aspectjweaver/1.6.12/aspectjweaver-1.6.12.jar:/home/roman/.m2/repository/org/glassfish/web/jstl-impl/1.2/jstl-impl-1.2.jar:/home/roman/.m2/repository/org/hibernate/hibernate-commons-annotations/3.2.0.Final/hibernate-commons-annotations-3.2.0.Final.jar:/home/roman/.m2/repository/org/hibernate/hibernate-core/3.6.9.Final/hibernate-core-3.6.9.Final.jar:/home/roman/.m2/repository/org/hibernate/hibernate-entitymanager/3.6.9.Final/hibernate-entitymanager-3.6.9.Final.jar:/home/roman/.m2/repository/org/hibernate/hibernate-validator/4.2.0.Final/hibernate-validator-4.2.0.Final.jar:/home/roman/.m2/repository/org/hibernate/javax/persistence/hibernate-jpa-2.0-api/1.0.1.Final/hibernate-jpa-2.0-api-1.0.1.Final.jar:/home/roman/.m2/repository/org/slf4j/jcl-over-slf4j/1.6.4/jcl-over-slf4j-1.6.4.jar:/home/roman/.m2/repository/org/slf4j/slf4j-api/1.6.4/slf4j-api-1.6.4.jar:/home/roman/.m2/repository/org/slf4j/slf4j-log4j12/1.6.4/slf4j-log4j12-1.6.4.jar:/home/roman/.m2/repository/org/springframework/spring-aop/3.1.0.RELEASE/spring-aop-3.1.0.RELEASE.jar:/home/roman/.m2/repository/org/springframework/spring-asm/3.1.0.RELEASE/spring-asm-3.1.0.RELEASE.jar:/home/roman/.m2/repository/org/springframework/spring-aspects/3.1.0.RELEASE/spring-aspects-3.1.0.RELEASE.jar:/home/roman/.m2/repository/org/springframework/spring-beans/3.1.0.RELEASE/spring-beans-3.1.0.RELEASE.jar:/home/roman/.m2/repository/org/springframework/spring-context/3.1.0.RELEASE/spring-context-3.1.0.RELEASE.jar:/home/roman/.m2/repository/org/springframework/spring-context-support/3.1.0.RELEASE/spring-context-support-3.1.0.RELEASE.jar:/home/roman/.m2/repository/org/springframework/spring-core/3.1.0.RELEASE/spring-core-3.1.0.RELEASE.jar:/home/roman/.m2/repository/org/springframework/spring-expression/3.1.0.RELEASE/spring-expression-3.1.0.RELEASE.jar:/home/roman/.m2/repository/org/springframework/spring-jdbc/3.1.0.RELEASE/spring-jdbc-3.1.0.RELEASE.jar:/home/roman/.m2/repository/org/springframework/spring-orm/3.1.0.RELEASE/spring-orm-3.1.0.RELEASE.jar:/home/roman/.m2/repository/org/springframework/spring-tx/3.1.0.RELEASE/spring-tx-3.1.0.RELEASE.jar:/home/roman/.m2/repository/org/springframework/spring-web/3.1.0.RELEASE/spring-web-3.1.0.RELEASE.jar:/home/roman/.m2/repository/org/springframework/spring-webmvc/3.1.0.RELEASE/spring-webmvc-3.1.0.RELEASE.jar:/home/roman/.m2/repository/org/springframework/roo/org.springframework.roo.annotations/1.2.1.RELEASE/org.springframework.roo.annotations-1.2.1.RELEASE.jar:/home/roman/.m2/repository/org/springframework/webflow/spring-binding/2.3.0.RELEASE/spring-binding-2.3.0.RELEASE.jar:/home/roman/.m2/repository/org/springframework/webflow/spring-js/2.3.0.RELEASE/spring-js-2.3.0.RELEASE.jar:/home/roman/.m2/repository/org/springframework/webflow/spring-js-resources/2.2.1.RELEASE/spring-js-resources-2.2.1.RELEASE.jar:/home/roman/.m2/repository/org/springframework/webflow/spring-webflow/2.3.0.RELEASE/spring-webflow-2.3.0.RELEASE.jar:/home/roman/.m2/repository/postgresql/postgresql/9.1-901.jdbc3/postgresql-9.1-901.jdbc3.jar:/home/roman/Documents/clincon/clincon2001/target/classes
-aspectpath
/home/roman/.m2/repository/org/springframework/spring-aspects/3.1.0.RELEASE/spring-aspects-3.1.0.RELEASE.jar
-d
/home/roman/Documents/clincon/clincon2001/target/classes
/home/roman/Documents/clincon/clincon2001/src/main/java/org/clincon2001/domain/Participant.java
/home/roman/Documents/clincon/clincon2001/src/main/java/org/clincon2001/web/DoctorController.java
/home/roman/Documents/clincon/clincon2001/src/main/java/org/clincon2001/domain/Doctor.java
/home/roman/Documents/clincon/clincon2001/src/main/java/org/clincon2001/web/ClinconController.java
/home/roman/Documents/clincon/clincon2001/src/main/java/org/clincon2001/web/CcdateController.java
/home/roman/Documents/clincon/clincon2001/src/main/java/org/clincon2001/domain/Cctype.java
/home/roman/Documents/clincon/clincon2001/src/main/java/org/clincon2001/web/ParticipantController.java
/home/roman/Documents/clincon/clincon2001/src/main/java/org/clincon2001/domain/Clincon.java
/home/roman/Documents/clincon/clincon2001/src/main/java/org/clincon2001/web/ApplicationConversionServiceFactoryBean.java
/home/roman/Documents/clincon/clincon2001/src/main/java/org/clincon2001/web/CcdiagnosisController.java
/home/roman/Documents/clincon/clincon2001/src/main/java/org/clincon2001/domain/Ccdate.java
/home/roman/Documents/clincon/clincon2001/src/main/java/org/clincon2001/web/PatientController.java
/home/roman/Documents/clincon/clincon2001/src/main/java/org/clincon2001/web/DiagnosisController.java
/home/roman/Documents/clincon/clincon2001/src/main/java/org/clincon2001/domain/Ccdiagnosis.java
/home/roman/Documents/clincon/clincon2001/src/main/java/org/clincon2001/domain/Patient.java
/home/roman/Documents/clincon/clincon2001/src/main/java/org/clincon2001/web/CctypeController.java
/home/roman/Documents/clincon/clincon2001/src/main/java/org/clincon2001/domain/Diagnosis.java
